<?xml version="1.0" encoding="UTF-8"?>
<!-- Generated by org.testng.reporters.JUnitXMLReporter -->
<testsuite ignored="0" hostname="BSMUML-024317" failures="1" tests="7" name="Test" time="21.729" errors="0" timestamp="2026-04-02T12:58:36 IST">
  <testcase classname="testCases.ErrorTestScenarios_LoginPage" name="loginWithLockedUser" time="0.456"/>
  <testcase classname="testCases.ErrorTestScenarios_LoginPage" name="loginWithLockedUserFailureTest" time="0.412">
    <failure type="java.lang.AssertionError" message="The error message when locked user trying to login is not as expected.
Expected: is &amp;quot;Epic sadface: Sorry, this user has been locked.....&amp;quot;
     but: was &amp;quot;Epic sadface: Sorry, this user has been locked out.&amp;quot;">
      <![CDATA[java.lang.AssertionError: The error message when locked user trying to login is not as expected.
Expected: is "Epic sadface: Sorry, this user has been locked....."
     but: was "Epic sadface: Sorry, this user has been locked out."
at org.hamcrest.MatcherAssert.assertThat(MatcherAssert.java:20)
at testCases.ErrorTestScenarios_LoginPage.loginWithLockedUserFailureTest(ErrorTestScenarios_LoginPage.java:52)
at java.base/java.util.ArrayList.forEach(ArrayList.java:1511)
... Removed 27 stack frames]]>
    </failure>
  </testcase> <!-- loginWithLockedUserFailureTest -->
  <testcase classname="testCases.LoginLogoutEndToEnd_TestCases" name="loginToApplication" time="0.52"/>
  <testcase classname="testCases.LoginLogoutEndToEnd_TestCases" name="verifyProductPageTitle" time="0.063"/>
  <testcase classname="testCases.LoginLogoutEndToEnd_TestCases" name="verifyDowndownValuesOfSortOnProductsPage" time="0.202"/>
  <testcase classname="testCases.LoginLogoutEndToEnd_TestCases" name="selectDowndownValues" time="0.206"/>
  <testcase classname="testCases.LoginLogoutEndToEnd_TestCases" name="logoutFromoApplication" time="0.316"/>
</testsuite> <!-- Test -->
