<?xml version="1.0" encoding="UTF-8"?>
<testng-results ignored="0" total="2" passed="1" failed="1" skipped="0">
  <reporter-output>
  </reporter-output>
  <suite started-at="2026-04-07T10:12:56 UTC" name="Default suite" finished-at="2026-04-07T10:13:08 UTC" duration-ms="12400">
    <groups>
      <group name="a">
        <method signature="ErrorTestScenarios_LoginPage.loginWithLockedUser(java.lang.String,java.lang.String)[pri:0, instance:testCases.ErrorTestScenarios_LoginPage@2898ac89]" name="loginWithLockedUser" class="testCases.ErrorTestScenarios_LoginPage"/>
      </group> <!-- a -->
      <group name="b">
        <method signature="ErrorTestScenarios_LoginPage.loginWithLockedUserFailureTest(java.lang.String,java.lang.String)[pri:0, instance:testCases.ErrorTestScenarios_LoginPage@2898ac89]" name="loginWithLockedUserFailureTest" class="testCases.ErrorTestScenarios_LoginPage"/>
      </group> <!-- b -->
    </groups>
    <test started-at="2026-04-07T10:12:56 UTC" name="Default test" finished-at="2026-04-07T10:13:08 UTC" duration-ms="12400">
      <class name="testCases.ErrorTestScenarios_LoginPage">
        <test-method is-config="true" signature="setup()[pri:0, instance:testCases.ErrorTestScenarios_LoginPage@2898ac89]" started-at="2026-04-07T10:12:56 UTC" name="setup" finished-at="2026-04-07T10:13:06 UTC" duration-ms="10563" status="PASS">
          <reporter-output>
          </reporter-output>
        </test-method> <!-- setup -->
        <test-method is-config="true" signature="initPageObjects()[pri:0, instance:testCases.ErrorTestScenarios_LoginPage@2898ac89]" started-at="2026-04-07T10:13:06 UTC" name="initPageObjects" finished-at="2026-04-07T10:13:06 UTC" duration-ms="52" status="PASS">
          <reporter-output>
          </reporter-output>
        </test-method> <!-- initPageObjects -->
        <test-method signature="loginWithLockedUser(java.lang.String,java.lang.String)[pri:0, instance:testCases.ErrorTestScenarios_LoginPage@2898ac89]" started-at="2026-04-07T10:13:06 UTC" name="loginWithLockedUser" finished-at="2026-04-07T10:13:07 UTC" duration-ms="464" status="PASS">
          <params>
            <param index="0">
              <value>
                <![CDATA[locked_out_user]]>
              </value>
            </param>
            <param index="1">
              <value>
                <![CDATA[secret_sauce]]>
              </value>
            </param>
          </params>
          <reporter-output>
          </reporter-output>
        </test-method> <!-- loginWithLockedUser -->
        <test-method is-config="true" signature="initPageObjects()[pri:0, instance:testCases.ErrorTestScenarios_LoginPage@2898ac89]" started-at="2026-04-07T10:13:07 UTC" name="initPageObjects" finished-at="2026-04-07T10:13:07 UTC" duration-ms="2" status="PASS">
          <reporter-output>
          </reporter-output>
        </test-method> <!-- initPageObjects -->
        <test-method signature="loginWithLockedUserFailureTest(java.lang.String,java.lang.String)[pri:0, instance:testCases.ErrorTestScenarios_LoginPage@2898ac89]" started-at="2026-04-07T10:13:07 UTC" name="loginWithLockedUserFailureTest" finished-at="2026-04-07T10:13:07 UTC" duration-ms="460" status="FAIL">
          <params>
            <param index="0">
              <value>
                <![CDATA[locked_out_user]]>
              </value>
            </param>
            <param index="1">
              <value>
                <![CDATA[secret_sauce]]>
              </value>
            </param>
          </params>
          <exception class="java.lang.AssertionError">
            <message>
              <![CDATA[The error message when locked user trying to login is not as expected.
Expected: is "Epic sadface: Sorry, this user has been locked....."
     but: was "Epic sadface: Sorry, this user has been locked out."]]>
            </message>
            <full-stacktrace>
              <![CDATA[java.lang.AssertionError: The error message when locked user trying to login is not as expected.
Expected: is "Epic sadface: Sorry, this user has been locked....."
     but: was "Epic sadface: Sorry, this user has been locked out."
at org.hamcrest.MatcherAssert.assertThat(MatcherAssert.java:20)
at testCases.ErrorTestScenarios_LoginPage.loginWithLockedUserFailureTest(ErrorTestScenarios_LoginPage.java:52)
at java.base/jdk.internal.reflect.DirectMethodHandleAccessor.invoke(DirectMethodHandleAccessor.java:103)
at java.base/java.lang.reflect.Method.invoke(Method.java:580)
at org.testng.internal.invokers.MethodInvocationHelper.invokeMethod(MethodInvocationHelper.java:141)
at org.testng.internal.invokers.TestInvoker.invokeMethod(TestInvoker.java:687)
at org.testng.internal.invokers.TestInvoker.invokeTestMethod(TestInvoker.java:230)
at org.testng.internal.invokers.MethodRunner.runInSequence(MethodRunner.java:63)
at org.testng.internal.invokers.TestInvoker$MethodInvocationAgent.invoke(TestInvoker.java:995)
at org.testng.internal.invokers.TestInvoker.invokeTestMethods(TestInvoker.java:203)
at org.testng.internal.invokers.TestMethodWorker.invokeTestMethods(TestMethodWorker.java:154)
at org.testng.internal.invokers.TestMethodWorker.run(TestMethodWorker.java:134)
at java.base/java.util.ArrayList.forEach(ArrayList.java:1596)
at org.testng.TestRunner.privateRun(TestRunner.java:741)
at org.testng.TestRunner.run(TestRunner.java:616)
at org.testng.SuiteRunner.runTest(SuiteRunner.java:421)
at org.testng.SuiteRunner.runSequentially(SuiteRunner.java:413)
at org.testng.SuiteRunner.privateRun(SuiteRunner.java:373)
at org.testng.SuiteRunner.run(SuiteRunner.java:312)
at org.testng.SuiteRunnerWorker.runSuite(SuiteRunnerWorker.java:52)
at org.testng.SuiteRunnerWorker.run(SuiteRunnerWorker.java:95)
at org.testng.TestNG.runSuitesSequentially(TestNG.java:1274)
at org.testng.TestNG.runSuitesLocally(TestNG.java:1208)
at org.testng.TestNG.runSuites(TestNG.java:1112)
at org.testng.TestNG.run(TestNG.java:1079)
at org.testng.remote.AbstractRemoteTestNG.run(AbstractRemoteTestNG.java:115)
at org.testng.remote.RemoteTestNG.initAndRun(RemoteTestNG.java:293)
at org.testng.remote.RemoteTestNG.main(RemoteTestNG.java:91)
]]>
            </full-stacktrace>
          </exception> <!-- java.lang.AssertionError -->
          <reporter-output>
          </reporter-output>
        </test-method> <!-- loginWithLockedUserFailureTest -->
        <test-method is-config="true" signature="closeBrowser()[pri:0, instance:testCases.ErrorTestScenarios_LoginPage@2898ac89]" started-at="2026-04-07T10:13:07 UTC" name="closeBrowser" finished-at="2026-04-07T10:13:08 UTC" duration-ms="775" status="PASS">
          <reporter-output>
          </reporter-output>
        </test-method> <!-- closeBrowser -->
      </class> <!-- testCases.ErrorTestScenarios_LoginPage -->
    </test> <!-- Default test -->
  </suite> <!-- Default suite -->
</testng-results>
